c:\users\jose\documents\visual studio 2013\projects\axis\axcom\debug\axcom.pch
c:\users\jose\documents\visual studio 2013\projects\axis\axcom\debug\vc120.pdb
c:\users\jose\documents\visual studio 2013\projects\axis\axcom\debug\vc120.idb
c:\users\jose\documents\visual studio 2013\projects\axis\axcom\debug\stdafx.obj
c:\users\jose\documents\visual studio 2013\projects\axis\axcom\debug\axcom.obj
c:\users\jose\documents\visual studio 2013\projects\axis\axcom\debug\serial.obj
c:\users\jose\desktop\marq\axis\windows\axis\axcom\debug\axcom.pch
c:\users\jose\desktop\marq\axis\windows\axis\axcom\debug\vc120.pdb
c:\users\jose\desktop\marq\axis\windows\axis\axcom\debug\vc120.idb
c:\users\jose\desktop\marq\axis\windows\axis\axcom\debug\stdafx.obj
c:\users\jose\desktop\marq\axis\windows\axis\axcom\debug\axcom.obj
c:\users\jose\desktop\marq\axis\windows\axis\axcom\debug\serial.obj
c:\users\jose\documents\visual studio 2013\projects\axis\debug\axcom.ilk
c:\users\jose\documents\visual studio 2013\projects\axis\debug\axcom.exe
c:\users\jose\documents\visual studio 2013\projects\axis\debug\axcom.pdb
c:\users\jose\desktop\marq\axis\windows\axis\debug\axcom.ilk
c:\users\jose\desktop\marq\axis\windows\axis\debug\axcom.exe
c:\users\jose\desktop\marq\axis\windows\axis\debug\axcom.pdb
c:\users\jose\desktop\marq\axis\windows\axis\axcom\debug\axcom.tlog\cl.command.1.tlog
c:\users\jose\desktop\marq\axis\windows\axis\axcom\debug\axcom.tlog\cl.read.1.tlog
c:\users\jose\desktop\marq\axis\windows\axis\axcom\debug\axcom.tlog\cl.write.1.tlog
c:\users\jose\desktop\marq\axis\windows\axis\axcom\debug\axcom.tlog\link.command.1.tlog
c:\users\jose\desktop\marq\axis\windows\axis\axcom\debug\axcom.tlog\link.read.1.tlog
c:\users\jose\desktop\marq\axis\windows\axis\axcom\debug\axcom.tlog\link.write.1.tlog
